#
# A fatal error has been detected by the Java Runtime Environment:
#
#  EXCEPTION_ACCESS_VIOLATION (0xc0000005) at pc=0x0000000061d60664, pid=4596, tid=5016
#
# JRE version: Java(TM) SE Runtime Environment (8.0_25-b18) (build 1.8.0_25-b18)
# Java VM: Java HotSpot(TM) 64-Bit Server VM (25.25-b02 mixed mode windows-amd64 compressed oops)
# Problematic frame:
# C  [awt.dll+0xd0664]
#
# Failed to write core dump. Minidumps are not enabled by default on client versions of Windows
#
# If you would like to submit a bug report, please visit:
#   http://bugreport.sun.com/bugreport/crash.jsp
# The crash happened outside the Java Virtual Machine in native code.
# See problematic frame for where to report the bug.
#

---------------  T H R E A D  ---------------

Current thread (0x0000000017884800):  JavaThread "AWT-EventQueue-0" [_thread_in_native, id=5016, stack(0x000000001bd40000,0x000000001bf40000)]

siginfo: ExceptionCode=0xc0000005, reading address 0x0000000000000008

Registers:
RAX=0x000000000000000d, RBX=0x00000000178849e8, RCX=0x0000000000000000, RDX=0x00000000210102a8
RSP=0x000000001bf3ccb8, RBP=0x00000000178849e8, RSI=0x0000000020586200, RDI=0x000000001786ae00
R8 =0x000000001bf3cc78, R9 =0x0000000000000005, R10=0x0000000000000000, R11=0x000000001bf3ccb8
R12=0x00000000210102a8, R13=0x0000000000000000, R14=0x0000000000000010, R15=0x0000000017884800
RIP=0x0000000061d60664, EFLAGS=0x0000000000010202

Top of Stack: (sp=0x000000001bf3ccb8)
0x000000001bf3ccb8:   0000000061cc7609 0000000000000000
0x000000001bf3ccc8:   00000000178849e8 00000000178849e8
0x000000001bf3ccd8:   0000000020586200 0000000000000000
0x000000001bf3cce8:   0000000020586200 000000001bf3d378
0x000000001bf3ccf8:   0000000061cfc1ad 00000000178849e8
0x000000001bf3cd08:   0000000000000000 000000001bf3ce01
0x000000001bf3cd18:   0000000000000556 0000000022bc5a40
0x000000001bf3cd28:   0000000061cc3e72 000000001bf3d378
0x000000001bf3cd38:   000000001bf3ce30 00000000178849e8
0x000000001bf3cd48:   0000000022bc5a40 00000000cea21b30
0x000000001bf3cd58:   000000001bf3cf00 bff0000000000000
0x000000001bf3cd68:   00000000cf6be068 3ff0000000000000
0x000000001bf3cd78:   00000000cea3c9e8 00000001cea47320
0x000000001bf3cd88:   0000000000000007 00000001000e6f60
0x000000001bf3cd98:   0000000000000000 0000000000000000
0x000000001bf3cda8:   000000001bf3d380 00000000178849e8 

Instructions: (pc=0x0000000061d60664)
0x0000000061d60644:   41 5e 41 5d 41 5c 5f c3 48 8b 41 08 48 05 00 04
0x0000000061d60654:   00 00 c3 cc 48 8b 41 08 48 8b 80 18 0c 00 00 c3
0x0000000061d60664:   48 8b 49 08 48 85 c9 74 05 e9 0a a7 fe ff 33 c0
0x0000000061d60674:   c3 cc cc cc 48 83 ec 28 48 8b 49 08 48 85 c9 74 


Register to memory mapping:

RAX=0x000000000000000d is an unknown value
RBX=0x00000000178849e8 is an unknown value
RCX=0x0000000000000000 is an unknown value
RDX=0x00000000210102a8 is pointing into the stack for thread: 0x000000001c448800
RSP=0x000000001bf3ccb8 is pointing into the stack for thread: 0x0000000017884800
RBP=0x00000000178849e8 is an unknown value
RSI=0x0000000020586200 is an unknown value
RDI=0x000000001786ae00 is an unknown value
R8 =0x000000001bf3cc78 is pointing into the stack for thread: 0x0000000017884800
R9 =0x0000000000000005 is an unknown value
R10=0x0000000000000000 is an unknown value
R11=0x000000001bf3ccb8 is pointing into the stack for thread: 0x0000000017884800
R12=0x00000000210102a8 is pointing into the stack for thread: 0x000000001c448800
R13=0x0000000000000000 is an unknown value
R14=0x0000000000000010 is an unknown value
R15=0x0000000017884800 is a thread


Stack: [0x000000001bd40000,0x000000001bf40000],  sp=0x000000001bf3ccb8,  free space=2035k
Native frames: (J=compiled Java code, j=interpreted, Vv=VM code, C=native code)
C  [awt.dll+0xd0664]

Java frames: (J=compiled Java code, j=interpreted, Vv=VM code)
J 14735  sun.java2d.windows.GDIBlitLoops.nativeBlit(Lsun/java2d/SurfaceData;Lsun/java2d/SurfaceData;Lsun/java2d/pipe/Region;IIIIIIIIIZ)V (0 bytes) @ 0x0000000004ec6d2c [0x0000000004ec6c40+0xec]
J 27575 C2 sun.java2d.windows.GDIBlitLoops.Blit(Lsun/java2d/SurfaceData;Lsun/java2d/SurfaceData;Ljava/awt/Composite;Lsun/java2d/pipe/Region;IIIIII)V (37 bytes) @ 0x00000000054c7cc8 [0x00000000054c7c20+0xa8]
J 18714 C2 sun.java2d.SunGraphics2D.drawImage(Ljava/awt/Image;IILjava/awt/Color;Ljava/awt/image/ImageObserver;)Z (145 bytes) @ 0x0000000005dcbea4 [0x0000000005dcac60+0x1244]
J 35496 C2 javax.swing.RepaintManager$PaintManager.paint(Ljavax/swing/JComponent;Ljavax/swing/JComponent;Ljava/awt/Graphics;IIII)Z (189 bytes) @ 0x00000000062fcc50 [0x00000000062fc7e0+0x470]
J 20716 C1 javax.swing.BufferStrategyPaintManager.paint(Ljavax/swing/JComponent;Ljavax/swing/JComponent;Ljava/awt/Graphics;IIII)Z (235 bytes) @ 0x0000000005d3dde4 [0x0000000005d3ce80+0xf64]
J 15041 C1 javax.swing.RepaintManager.paint(Ljavax/swing/JComponent;Ljavax/swing/JComponent;Ljava/awt/Graphics;IIII)V (93 bytes) @ 0x0000000004f1d7bc [0x0000000004f1d260+0x55c]
J 37189 C2 javax.swing.JComponent.paint(Ljava/awt/Graphics;)V (409 bytes) @ 0x000000000942d1f4 [0x000000000942c280+0xf74]
J 39608 C1 java.awt.GraphicsCallback$PaintCallback.run(Ljava/awt/Component;Ljava/awt/Graphics;)V (6 bytes) @ 0x000000000538f54c [0x000000000538f440+0x10c]
J 39606 C1 sun.awt.SunGraphicsCallback.runOneComponent(Ljava/awt/Component;Ljava/awt/Rectangle;Ljava/awt/Graphics;Ljava/awt/Shape;I)V (177 bytes) @ 0x00000000085e996c [0x00000000085e82c0+0x16ac]
J 39605 C1 sun.awt.SunGraphicsCallback.runComponents([Ljava/awt/Component;Ljava/awt/Graphics;I)V (204 bytes) @ 0x000000000665e04c [0x000000000665cd60+0x12ec]
J 37145 C1 java.awt.Container.paint(Ljava/awt/Graphics;)V (62 bytes) @ 0x0000000009446b14 [0x00000000094462a0+0x874]
J 39914 C1 java.awt.Window.paint(Ljava/awt/Graphics;)V (72 bytes) @ 0x0000000007306c04 [0x0000000007305e20+0xde4]
J 24368 C2 javax.swing.RepaintManager$4.run()Ljava/lang/Object; (5 bytes) @ 0x00000000046f7944 [0x00000000046f7560+0x3e4]
v  ~StubRoutines::call_stub
J 1282  java.security.AccessController.doPrivileged(Ljava/security/PrivilegedAction;Ljava/security/AccessControlContext;)Ljava/lang/Object; (0 bytes) @ 0x0000000002c66a26 [0x0000000002c669c0+0x66]
J 25629 C2 javax.swing.RepaintManager.prePaintDirtyRegions()V (91 bytes) @ 0x000000000718cd5c [0x000000000718c3a0+0x9bc]
J 26983 C2 javax.swing.RepaintManager$ProcessingRunnable.run()V (41 bytes) @ 0x000000000759f120 [0x000000000759efe0+0x140]
J 19307 C2 java.awt.EventQueue$3.run()Ljava/lang/Object; (5 bytes) @ 0x00000000046de9cc [0x00000000046de720+0x2ac]
v  ~StubRoutines::call_stub
J 1282  java.security.AccessController.doPrivileged(Ljava/security/PrivilegedAction;Ljava/security/AccessControlContext;)Ljava/lang/Object; (0 bytes) @ 0x0000000002c66a26 [0x0000000002c669c0+0x66]
J 20452 C2 org.netbeans.core.TimableEventQueue.dispatchEvent(Ljava/awt/AWTEvent;)V (43 bytes) @ 0x0000000006241558 [0x00000000062412a0+0x2b8]
J 22761 C2 java.awt.EventDispatchThread.pumpOneEventForFilters(I)V (295 bytes) @ 0x000000000631dc34 [0x000000000631d5e0+0x654]
J 31356% C2 java.awt.EventDispatchThread.pumpEventsForFilter(ILjava/awt/Conditional;Ljava/awt/EventFilter;)V (47 bytes) @ 0x0000000005fcbc88 [0x0000000005fcbb40+0x148]
j  java.awt.EventDispatchThread.pumpEventsForHierarchy(ILjava/awt/Conditional;Ljava/awt/Component;)V+11
j  java.awt.EventDispatchThread.pumpEvents(ILjava/awt/Conditional;)V+4
j  java.awt.EventDispatchThread.pumpEvents(Ljava/awt/Conditional;)V+3
j  java.awt.EventDispatchThread.run()V+9
v  ~StubRoutines::call_stub

---------------  P R O C E S S  ---------------

Java Threads: ( => current thread )
  0x000000001deba800 JavaThread "Inactive RequestProcessor thread [Was:org.netbeans.modules.editor.bracesmatching.BraceMatchingSidebarComponent/org.netbeans.modules.editor.bracesmatching.BraceMatchingSidebarComponent$2]" daemon [_thread_blocked, id=6664, stack(0x0000000019180000,0x0000000019380000)]
  0x000000001debd800 JavaThread "Spellchecker" daemon [_thread_blocked, id=4460, stack(0x0000000018b80000,0x0000000018d80000)]
  0x0000000017aee800 JavaThread "pool-5-thread-1" [_thread_blocked, id=5472, stack(0x0000000030980000,0x0000000030b80000)]
  0x000000001dea6800 JavaThread "TimerQueue" daemon [_thread_blocked, id=996, stack(0x0000000023ab0000,0x0000000023cb0000)]
  0x000000001dea6000 JavaThread "Worker-JM" [_thread_blocked, id=4140, stack(0x00000000232b0000,0x00000000234b0000)]
  0x000000001dea5000 JavaThread "Framework Event Dispatcher" daemon [_thread_blocked, id=3224, stack(0x0000000022eb0000,0x00000000230b0000)]
  0x000000001c44a800 JavaThread "Deadlock Detector" [_thread_blocked, id=3432, stack(0x0000000022cb0000,0x0000000022eb0000)]
  0x000000001c44a000 JavaThread "Thread-3" daemon [_thread_blocked, id=4944, stack(0x00000000219f0000,0x0000000021bf0000)]
  0x000000001c449000 JavaThread "W32 File Monitor" daemon [_thread_in_native, id=4340, stack(0x0000000021460000,0x0000000021660000)]
  0x000000001c448800 JavaThread "File Watcher" daemon [_thread_blocked, id=4572, stack(0x0000000020e90000,0x0000000021090000)]
  0x000000001c444800 JavaThread "Editor Parsing Loop (201411181905)" daemon [_thread_blocked, id=1240, stack(0x000000001ea30000,0x000000001ec30000)]
  0x000000001c444000 JavaThread "State Data Manager" daemon [_thread_blocked, id=4800, stack(0x000000001e830000,0x000000001ea30000)]
  0x000000001da37800 JavaThread "Framework Active Thread" [_thread_blocked, id=2824, stack(0x000000001e630000,0x000000001e830000)]
=>0x0000000017884800 JavaThread "AWT-EventQueue-0" [_thread_in_native, id=5016, stack(0x000000001bd40000,0x000000001bf40000)]
  0x0000000017723800 JavaThread "AWT-Windows" daemon [_thread_in_native, id=5092, stack(0x000000001b8e0000,0x000000001bae0000)]
  0x0000000017722800 JavaThread "AWT-Shutdown" [_thread_blocked, id=4208, stack(0x000000001b6e0000,0x000000001b8e0000)]
  0x0000000017722000 JavaThread "Java2D Disposer" daemon [_thread_blocked, id=1436, stack(0x000000001b4e0000,0x000000001b6e0000)]
  0x00000000177a4000 JavaThread "RequestProcessor queue manager" daemon [_thread_blocked, id=3656, stack(0x000000001acf0000,0x000000001aef0000)]
  0x00000000175ce800 JavaThread "CLI Requests Server" daemon [_thread_in_native, id=1884, stack(0x000000001a6f0000,0x000000001a8f0000)]
  0x00000000175f9800 JavaThread "Active Reference Queue Daemon" daemon [_thread_blocked, id=1348, stack(0x0000000017cf0000,0x0000000017ef0000)]
  0x0000000016140000 JavaThread "Service Thread" daemon [_thread_blocked, id=5044, stack(0x0000000016eb0000,0x00000000170b0000)]
  0x0000000014abd000 JavaThread "C1 CompilerThread2" daemon [_thread_blocked, id=1840, stack(0x0000000016cb0000,0x0000000016eb0000)]
  0x0000000014abc000 JavaThread "C2 CompilerThread1" daemon [_thread_blocked, id=744, stack(0x0000000016ab0000,0x0000000016cb0000)]
  0x00000000160b7000 JavaThread "C2 CompilerThread0" daemon [_thread_blocked, id=4788, stack(0x00000000168b0000,0x0000000016ab0000)]
  0x00000000160b2800 JavaThread "Attach Listener" daemon [_thread_blocked, id=368, stack(0x00000000166b0000,0x00000000168b0000)]
  0x0000000014ab3800 JavaThread "Signal Dispatcher" daemon [_thread_blocked, id=1076, stack(0x00000000164b0000,0x00000000166b0000)]
  0x0000000014a54800 JavaThread "Finalizer" daemon [_thread_blocked, id=5048, stack(0x0000000015eb0000,0x00000000160b0000)]
  0x0000000014a4d800 JavaThread "Reference Handler" daemon [_thread_blocked, id=4816, stack(0x0000000015cb0000,0x0000000015eb0000)]
  0x0000000002409000 JavaThread "main" [_thread_blocked, id=3296, stack(0x0000000000030000,0x0000000000230000)]

Other Threads:
  0x0000000014a48000 VMThread [stack: 0x0000000015ab0000,0x0000000015cb0000] [id=3460]
  0x000000001614b800 WatcherThread [stack: 0x00000000170b0000,0x00000000172b0000] [id=5024]

VM state:not at safepoint (normal execution)

VM Mutex/Monitor currently owned by a thread: None

Heap:
 PSYoungGen      total 243200K, used 23387K [0x00000000ef780000, 0x00000000ffb00000, 0x0000000100000000)
  eden space 221696K, 7% used [0x00000000ef780000,0x00000000f076f278,0x00000000fd000000)
  from space 21504K, 32% used [0x00000000fd000000,0x00000000fd6e7b08,0x00000000fe500000)
  to   space 20480K, 0% used [0x00000000fe700000,0x00000000fe700000,0x00000000ffb00000)
 ParOldGen       total 522240K, used 339550K [0x00000000ce600000, 0x00000000ee400000, 0x00000000ef780000)
  object space 522240K, 65% used [0x00000000ce600000,0x00000000e3197af8,0x00000000ee400000)
 Metaspace       used 109791K, capacity 120925K, committed 121512K, reserved 1155072K
  class space    used 12522K, capacity 15633K, committed 15792K, reserved 1048576K

Card table byte_map: [0x0000000011bc0000,0x0000000011d50000] byte_map_base: 0x000000001154d000

Marking Bits: (ParMarkBitMap*) 0x000000006162d490
 Begin Bits: [0x0000000012660000, 0x00000000132c8000)
 End Bits:   [0x00000000132c8000, 0x0000000013f30000)

Polling page: 0x00000000005b0000

CodeCache: size=245760Kb used=122446Kb max_used=122463Kb free=123313Kb
 bounds [0x0000000002800000, 0x000000000a080000, 0x0000000011800000]
 total_blobs=27783 nmethods=26952 adapters=737
 compilation: enabled

Compilation events (10 events):
Event: 113233.296 Thread 0x0000000014abc000 nmethod 41035 0x00000000058088d0 code [0x0000000005808a00, 0x0000000005808a78]
Event: 113233.302 Thread 0x0000000014abd000 41032       3       org.netbeans.modules.localhistory.LocalHistoryVCS::getVCSInterceptor (7 bytes)
Event: 113233.302 Thread 0x0000000014abc000 41036       4       javax.swing.plaf.basic.BasicMenuItemUI::paintAccText (281 bytes)
Event: 113233.303 Thread 0x0000000014abd000 nmethod 41032 0x0000000007e412d0 code [0x0000000007e41480, 0x0000000007e41a58]
Event: 113233.330 Thread 0x0000000014abc000 nmethod 41036 0x0000000004f730d0 code [0x0000000004f73320, 0x0000000004f73bc8]
Event: 113233.346 Thread 0x00000000160b7000 nmethod 41034 0x0000000004f71090 code [0x0000000004f712a0, 0x0000000004f72118]
Event: 113233.737 Thread 0x0000000014abc000 41037   !   4       org.netbeans.modules.editor.lib2.view.WrapInfoUpdater::initWrapInfo (690 bytes)
Event: 113234.136 Thread 0x0000000014abc000 nmethod 41037 0x000000000a06b2d0 code [0x000000000a06b900, 0x000000000a06f748]
Event: 116547.666 Thread 0x00000000160b7000 41038       4       javax.swing.plaf.basic.BasicMenuItemUI::paintArrowIcon (88 bytes)
Event: 116547.688 Thread 0x00000000160b7000 nmethod 41038 0x0000000004f74610 code [0x0000000004f74780, 0x0000000004f749c8]

GC Heap History (10 events):
Event: 113213.634 GC heap before
{Heap before GC invocations=1009 (full 26):
 PSYoungGen      total 236032K, used 217576K [0x00000000ef780000, 0x00000000ff800000, 0x0000000100000000)
  eden space 211456K, 100% used [0x00000000ef780000,0x00000000fc600000,0x00000000fc600000)
  from space 24576K, 24% used [0x00000000fe000000,0x00000000fe5fa3d8,0x00000000ff800000)
  to   space 25600K, 0% used [0x00000000fc600000,0x00000000fc600000,0x00000000fdf00000)
 ParOldGen       total 522240K, used 339550K [0x00000000ce600000, 0x00000000ee400000, 0x00000000ef780000)
  object space 522240K, 65% used [0x00000000ce600000,0x00000000e3197af8,0x00000000ee400000)
 Metaspace       used 109787K, capacity 120925K, committed 121512K, reserved 1155072K
  class space    used 12522K, capacity 15633K, committed 15792K, reserved 1048576K
Event: 113213.655 GC heap after
Heap after GC invocations=1009 (full 26):
 PSYoungGen      total 237056K, used 8535K [0x00000000ef780000, 0x00000000ffe80000, 0x0000000100000000)
  eden space 211456K, 0% used [0x00000000ef780000,0x00000000ef780000,0x00000000fc600000)
  from space 25600K, 33% used [0x00000000fc600000,0x00000000fce55fe8,0x00000000fdf00000)
  to   space 25088K, 0% used [0x00000000fe600000,0x00000000fe600000,0x00000000ffe80000)
 ParOldGen       total 522240K, used 339550K [0x00000000ce600000, 0x00000000ee400000, 0x00000000ef780000)
  object space 522240K, 65% used [0x00000000ce600000,0x00000000e3197af8,0x00000000ee400000)
 Metaspace       used 109787K, capacity 120925K, committed 121512K, reserved 1155072K
  class space    used 12522K, capacity 15633K, committed 15792K, reserved 1048576K
}
Event: 113471.138 GC heap before
{Heap before GC invocations=1010 (full 26):
 PSYoungGen      total 237056K, used 219991K [0x00000000ef780000, 0x00000000ffe80000, 0x0000000100000000)
  eden space 211456K, 100% used [0x00000000ef780000,0x00000000fc600000,0x00000000fc600000)
  from space 25600K, 33% used [0x00000000fc600000,0x00000000fce55fe8,0x00000000fdf00000)
  to   space 25088K, 0% used [0x00000000fe600000,0x00000000fe600000,0x00000000ffe80000)
 ParOldGen       total 522240K, used 339550K [0x00000000ce600000, 0x00000000ee400000, 0x00000000ef780000)
  object space 522240K, 65% used [0x00000000ce600000,0x00000000e3197af8,0x00000000ee400000)
 Metaspace       used 109791K, capacity 120925K, committed 121512K, reserved 1155072K
  class space    used 12522K, capacity 15633K, committed 15792K, reserved 1048576K
Event: 113471.178 GC heap after
Heap after GC invocations=1010 (full 26):
 PSYoungGen      total 239104K, used 8280K [0x00000000ef780000, 0x00000000ffb00000, 0x0000000100000000)
  eden space 217600K, 0% used [0x00000000ef780000,0x00000000ef780000,0x00000000fcc00000)
  from space 21504K, 38% used [0x00000000fe600000,0x00000000fee163b8,0x00000000ffb00000)
  to   space 24064K, 0% used [0x00000000fcc00000,0x00000000fcc00000,0x00000000fe380000)
 ParOldGen       total 522240K, used 339550K [0x00000000ce600000, 0x00000000ee400000, 0x00000000ef780000)
  object space 522240K, 65% used [0x00000000ce600000,0x00000000e3197af8,0x00000000ee400000)
 Metaspace       used 109791K, capacity 120925K, committed 121512K, reserved 1155072K
  class space    used 12522K, capacity 15633K, committed 15792K, reserved 1048576K
}
Event: 114478.854 GC heap before
{Heap before GC invocations=1011 (full 26):
 PSYoungGen      total 239104K, used 225880K [0x00000000ef780000, 0x00000000ffb00000, 0x0000000100000000)
  eden space 217600K, 100% used [0x00000000ef780000,0x00000000fcc00000,0x00000000fcc00000)
  from space 21504K, 38% used [0x00000000fe600000,0x00000000fee163b8,0x00000000ffb00000)
  to   space 24064K, 0% used [0x00000000fcc00000,0x00000000fcc00000,0x00000000fe380000)
 ParOldGen       total 522240K, used 339550K [0x00000000ce600000, 0x00000000ee400000, 0x00000000ef780000)
  object space 522240K, 65% used [0x00000000ce600000,0x00000000e3197af8,0x00000000ee400000)
 Metaspace       used 109791K, capacity 120925K, committed 121512K, reserved 1155072K
  class space    used 12522K, capacity 15633K, committed 15792K, reserved 1048576K
Event: 114478.904 GC heap after
Heap after GC invocations=1011 (full 26):
 PSYoungGen      total 241664K, used 8424K [0x00000000ef780000, 0x00000000ffe00000, 0x0000000100000000)
  eden space 217600K, 0% used [0x00000000ef780000,0x00000000ef780000,0x00000000fcc00000)
  from space 24064K, 35% used [0x00000000fcc00000,0x00000000fd43a168,0x00000000fe380000)
  to   space 23040K, 0% used [0x00000000fe780000,0x00000000fe780000,0x00000000ffe00000)
 ParOldGen       total 522240K, used 339550K [0x00000000ce600000, 0x00000000ee400000, 0x00000000ef780000)
  object space 522240K, 65% used [0x00000000ce600000,0x00000000e3197af8,0x00000000ee400000)
 Metaspace       used 109791K, capacity 120925K, committed 121512K, reserved 1155072K
  class space    used 12522K, capacity 15633K, committed 15792K, reserved 1048576K
}
Event: 115453.588 GC heap before
{Heap before GC invocations=1012 (full 26):
 PSYoungGen      total 241664K, used 226024K [0x00000000ef780000, 0x00000000ffe00000, 0x0000000100000000)
  eden space 217600K, 100% used [0x00000000ef780000,0x00000000fcc00000,0x00000000fcc00000)
  from space 24064K, 35% used [0x00000000fcc00000,0x00000000fd43a168,0x00000000fe380000)
  to   space 23040K, 0% used [0x00000000fe780000,0x00000000fe780000,0x00000000ffe00000)
 ParOldGen       total 522240K, used 339550K [0x00000000ce600000, 0x00000000ee400000, 0x00000000ef780000)
  object space 522240K, 65% used [0x00000000ce600000,0x00000000e3197af8,0x00000000ee400000)
 Metaspace       used 109791K, capacity 120925K, committed 121512K, reserved 1155072K
  class space    used 12522K, capacity 15633K, committed 15792K, reserved 1048576K
Event: 115453.662 GC heap after
Heap after GC invocations=1012 (full 26):
 PSYoungGen      total 240640K, used 7008K [0x00000000ef780000, 0x00000000ffa00000, 0x0000000100000000)
  eden space 221696K, 0% used [0x00000000ef780000,0x00000000ef780000,0x00000000fd000000)
  from space 18944K, 36% used [0x00000000fe780000,0x00000000fee58070,0x00000000ffa00000)
  to   space 21504K, 0% used [0x00000000fd000000,0x00000000fd000000,0x00000000fe500000)
 ParOldGen       total 522240K, used 339550K [0x00000000ce600000, 0x00000000ee400000, 0x00000000ef780000)
  object space 522240K, 65% used [0x00000000ce600000,0x00000000e3197af8,0x00000000ee400000)
 Metaspace       used 109791K, capacity 120925K, committed 121512K, reserved 1155072K
  class space    used 12522K, capacity 15633K, committed 15792K, reserved 1048576K
}
Event: 116503.009 GC heap before
{Heap before GC invocations=1013 (full 26):
 PSYoungGen      total 240640K, used 228704K [0x00000000ef780000, 0x00000000ffa00000, 0x0000000100000000)
  eden space 221696K, 100% used [0x00000000ef780000,0x00000000fd000000,0x00000000fd000000)
  from space 18944K, 36% used [0x00000000fe780000,0x00000000fee58070,0x00000000ffa00000)
  to   space 21504K, 0% used [0x00000000fd000000,0x00000000fd000000,0x00000000fe500000)
 ParOldGen       total 522240K, used 339550K [0x00000000ce600000, 0x00000000ee400000, 0x00000000ef780000)
  object space 522240K, 65% used [0x00000000ce600000,0x00000000e3197af8,0x00000000ee400000)
 Metaspace       used 109791K, capacity 120925K, committed 121512K, reserved 1155072K
  class space    used 12522K, capacity 15633K, committed 15792K, reserved 1048576K
Event: 116503.047 GC heap after
Heap after GC invocations=1013 (full 26):
 PSYoungGen      total 243200K, used 7070K [0x00000000ef780000, 0x00000000ffb00000, 0x0000000100000000)
  eden space 221696K, 0% used [0x00000000ef780000,0x00000000ef780000,0x00000000fd000000)
  from space 21504K, 32% used [0x00000000fd000000,0x00000000fd6e7b08,0x00000000fe500000)
  to   space 20480K, 0% used [0x00000000fe700000,0x00000000fe700000,0x00000000ffb00000)
 ParOldGen       total 522240K, used 339550K [0x00000000ce600000, 0x00000000ee400000, 0x00000000ef780000)
  object space 522240K, 65% used [0x00000000ce600000,0x00000000e3197af8,0x00000000ee400000)
 Metaspace       used 109791K, capacity 120925K, committed 121512K, reserved 1155072K
  class space    used 12522K, capacity 15633K, committed 15792K, reserved 1048576K
}

Deoptimization events (10 events):
Event: 112747.967 Thread 0x000000001c445800 Uncommon trap: reason=class_check action=maybe_recompile pc=0x0000000008bf210c method=org.netbeans.modules.php.editor.parser.PHPDocCommentParser.createTag(IILorg/netbeans/modules/php/spi/annotation/AnnotationParsedLine;Ljava/lang/String;Ljava/lang/String;I½Ñš?ˆû@
Event: 112771.975 Thread 0x000000002acb8000 Uncommon trap: reason=class_check action=maybe_recompile pc=0x0000000009962a04 method=org.netbeans.modules.php.editor.elements.MethodElementImpl.<init>(Lorg/netbeans/modules/php/editor/api/elements/TypeElement;Ljava/lang/String;ZIILjava/lang/String;Lorg/ne“µ»“—‹û@
Event: 112825.474 Thread 0x000000001debf000 Uncommon trap: reason=class_check action=maybe_recompile pc=0x00000000044947b4 method=org.netbeans.modules.php.editor.api.elements.ElementFilter$6.isAccepted(Lorg/netbeans/modules/php/editor/api/elements/PhpElement;)Z @ 4
Event: 112825.474 Thread 0x000000001debf000 Uncommon trap: reason=class_check action=maybe_recompile pc=0x00000000044947b4 method=org.netbeans.modules.php.editor.api.elements.ElementFilter$6.isAccepted(Lorg/netbeans/modules/php/editor/api/elements/PhpElement;)Z @ 4
Event: 112825.474 Thread 0x000000001debf000 Uncommon trap: reason=class_check action=maybe_recompile pc=0x00000000044947b4 method=org.netbeans.modules.php.editor.api.elements.ElementFilter$6.isAccepted(Lorg/netbeans/modules/php/editor/api/elements/PhpElement;)Z @ 4
Event: 112958.132 Thread 0x000000002acba800 Uncommon trap: reason=null_check action=make_not_entrant pc=0x0000000009ee275c method=java.util.logging.Logger$LoggerBundle.isSystemBundle()Z @ 6
Event: 113188.186 Thread 0x0000000022bd7000 Uncommon trap: reason=unreached action=reinterpret pc=0x0000000009601d34 method=org.netbeans.modules.masterfs.filebasedfs.naming.NamingFactory.registerInstanceOfFileNaming(Lorg/netbeans/modules/masterfs/filebasedfs/naming/FileNaming;Lorg/netbeans/modules/mÝXÛÄ¤û@
Event: 113228.304 Thread 0x000000001debe000 Uncommon trap: reason=unreached action=reinterpret pc=0x0000000009afa574 method=org.netbeans.modules.html.editor.HtmlBracesMatching.tokenInTag(Lorg/netbeans/api/lexer/Token;)Z @ 87
Event: 113228.304 Thread 0x000000001debe000 Uncommon trap: reason=unreached action=reinterpret pc=0x0000000008270924 method=org.netbeans.modules.html.editor.HtmlBracesMatching.tokenInTag(Lorg/netbeans/api/lexer/Token;)Z @ 87
Event: 116547.639 Thread 0x0000000017884800 Uncommon trap: reason=unreached action=reinterpret pc=0x0000000009075ff0 method=javax.swing.ScrollPaneLayout.layoutContainer(Ljava/awt/Container;)V @ 1413

Internal exceptions (10 events):
Event: 112955.346 Thread 0x0000000022bd8000 Implicit null exception at 0x000000000315a514 to 0x000000000315a75a
Event: 112955.346 Thread 0x0000000022bd8000 Exception <a 'java/lang/NullPointerException'> (0x00000000f3f681c8) thrown at [D:\re\workspace\8-2-build-windows-amd64-cygwin\jdk8u25\1677\hotspot\src\share\vm\runtime\sharedRuntime.cpp, line 604]
Event: 112955.346 Thread 0x0000000022bd8000 Implicit null exception at 0x000000000315a514 to 0x000000000315a75a
Event: 112955.346 Thread 0x0000000022bd8000 Exception <a 'java/lang/NullPointerException'> (0x00000000f3f6a960) thrown at [D:\re\workspace\8-2-build-windows-amd64-cygwin\jdk8u25\1677\hotspot\src\share\vm\runtime\sharedRuntime.cpp, line 604]
Event: 112955.346 Thread 0x0000000022bd8000 Implicit null exception at 0x000000000315a514 to 0x000000000315a75a
Event: 112955.346 Thread 0x0000000022bd8000 Exception <a 'java/lang/NullPointerException'> (0x00000000f3f6ebe8) thrown at [D:\re\workspace\8-2-build-windows-amd64-cygwin\jdk8u25\1677\hotspot\src\share\vm\runtime\sharedRuntime.cpp, line 604]
Event: 112955.346 Thread 0x0000000022bd8000 Implicit null exception at 0x000000000315a514 to 0x000000000315a75a
Event: 112955.346 Thread 0x0000000022bd8000 Exception <a 'java/lang/NullPointerException'> (0x00000000f3f715f8) thrown at [D:\re\workspace\8-2-build-windows-amd64-cygwin\jdk8u25\1677\hotspot\src\share\vm\runtime\sharedRuntime.cpp, line 604]
Event: 112958.132 Thread 0x000000002acba800 Implicit null exception at 0x0000000009edf404 to 0x0000000009ee2751
Event: 113188.186 Thread 0x0000000022bd7000 Implicit null exception at 0x00000000095fe1f9 to 0x0000000009601d01

Events (10 events):
Event: 116546.521 Executing VM operation: FindDeadlocks done
Event: 116547.639 Thread 0x0000000017884800 Uncommon trap: trap_request=0xffffffad fr.pc=0x0000000009075ff0
Event: 116547.639 Thread 0x0000000017884800 DEOPT PACKING pc=0x0000000009075ff0 sp=0x000000001bf3d160
Event: 116547.639 Thread 0x0000000017884800 DEOPT UNPACKING pc=0x000000000284556a sp=0x000000001bf3d128 mode 2
Event: 116547.889 Thread 0x000000001debd800 Thread added: 0x000000001debd800
Event: 116548.339 Thread 0x000000001deba800 Thread added: 0x000000001deba800
Event: 116548.521 Executing VM operation: FindDeadlocks
Event: 116548.832 Executing VM operation: FindDeadlocks done
Event: 116550.832 Executing VM operation: FindDeadlocks
Event: 116550.832 Executing VM operation: FindDeadlocks done


Dynamic libraries:
0x0000000000400000 - 0x0000000000580000 	C:\Program Files\NetBeans 8.0.1\bin\netbeans64.exe
0x00000000777f0000 - 0x0000000077999000 	C:\Windows\SYSTEM32\ntdll.dll
0x00000000776d0000 - 0x00000000777ef000 	C:\Windows\system32\kernel32.dll
0x000007fefdaa0000 - 0x000007fefdb0b000 	C:\Windows\system32\KERNELBASE.dll
0x000007fefdb10000 - 0x000007fefdbeb000 	C:\Windows\system32\ADVAPI32.dll
0x000007fefe6c0000 - 0x000007fefe75f000 	C:\Windows\system32\msvcrt.dll
0x000007fefe180000 - 0x000007fefe19f000 	C:\Windows\SYSTEM32\sechost.dll
0x000007fefe3f0000 - 0x000007fefe51d000 	C:\Windows\system32\RPCRT4.dll
0x000007fefebc0000 - 0x000007feff948000 	C:\Windows\system32\SHELL32.dll
0x000007fefe5d0000 - 0x000007fefe641000 	C:\Windows\system32\SHLWAPI.dll
0x000007fefe650000 - 0x000007fefe6b7000 	C:\Windows\system32\GDI32.dll
0x00000000775d0000 - 0x00000000776ca000 	C:\Windows\system32\USER32.dll
0x000007fefe0f0000 - 0x000007fefe0fe000 	C:\Windows\system32\LPK.dll
0x000007fefe1a0000 - 0x000007fefe269000 	C:\Windows\system32\USP10.dll
0x000007feff950000 - 0x000007feff97e000 	C:\Windows\system32\IMM32.DLL
0x000007fefde50000 - 0x000007fefdf59000 	C:\Windows\system32\MSCTF.dll
0x000007fefe7d0000 - 0x000007fefe9d3000 	C:\Windows\system32\ole32.dll
0x0000000061f10000 - 0x0000000062064000 	C:\Program Files\NetBeans 8.0.1\platform\lib\nbexec64.dll
0x000007fefd610000 - 0x000007fefd667000 	C:\Windows\system32\apphelp.dll
0x0000000060e50000 - 0x00000000616aa000 	C:\Program Files\Java\jdk1.8.0_25\jre\bin\server\jvm.dll
0x000007fefa790000 - 0x000007fefa799000 	C:\Windows\system32\WSOCK32.dll
0x000007fefe780000 - 0x000007fefe7cd000 	C:\Windows\system32\WS2_32.dll
0x000007fefe520000 - 0x000007fefe528000 	C:\Windows\system32\NSI.dll
0x000007fefb580000 - 0x000007fefb5bb000 	C:\Windows\system32\WINMM.dll
0x00000000779c0000 - 0x00000000779c7000 	C:\Windows\system32\PSAPI.DLL
0x0000000061e30000 - 0x0000000061f02000 	C:\Program Files\Java\jdk1.8.0_25\jre\bin\MSVCR100.dll
0x0000000062190000 - 0x00000000621d0000 	C:\Program Files\Java\jdk1.8.0_25\jre\bin\splashscreen.dll
0x00000000700c0000 - 0x00000000700cf000 	C:\Program Files\Java\jdk1.8.0_25\jre\bin\verify.dll
0x0000000062160000 - 0x0000000062188000 	C:\Program Files\Java\jdk1.8.0_25\jre\bin\java.dll
0x0000000062140000 - 0x0000000062156000 	C:\Program Files\Java\jdk1.8.0_25\jre\bin\zip.dll
0x000007fefd740000 - 0x000007fefd74f000 	C:\Windows\system32\profapi.dll
0x0000000066070000 - 0x000000006608a000 	C:\Program Files\Java\jdk1.8.0_25\jre\bin\net.dll
0x000007fefcfb0000 - 0x000007fefd005000 	C:\Windows\system32\mswsock.dll
0x000007fefcfa0000 - 0x000007fefcfa7000 	C:\Windows\System32\wship6.dll
0x0000000062120000 - 0x0000000062131000 	C:\Program Files\Java\jdk1.8.0_25\jre\bin\nio.dll
0x000007fefb4d0000 - 0x000007fefb4f7000 	C:\Windows\system32\IPHLPAPI.DLL
0x000007fefb4c0000 - 0x000007fefb4cb000 	C:\Windows\system32\WINNSI.DLL
0x000007fefb2d0000 - 0x000007fefb2e8000 	C:\Windows\system32\dhcpcsvc.DLL
0x000007fefb2b0000 - 0x000007fefb2c1000 	C:\Windows\system32\dhcpcsvc6.DLL
0x0000000061c90000 - 0x0000000061e28000 	C:\Program Files\Java\jdk1.8.0_25\jre\bin\awt.dll
0x000007fefe310000 - 0x000007fefe3e7000 	C:\Windows\system32\OLEAUT32.dll
0x000007fefd010000 - 0x000007fefd027000 	C:\Windows\system32\CRYPTSP.dll
0x000007fefcd10000 - 0x000007fefcd57000 	C:\Windows\system32\rsaenh.dll
0x000007fefca90000 - 0x000007fefcaae000 	C:\Windows\system32\USERENV.dll
0x000007fefd670000 - 0x000007fefd67f000 	C:\Windows\system32\CRYPTBASE.dll
0x000007fefc5b0000 - 0x000007fefc5c5000 	C:\Windows\system32\NLAapi.dll
0x000007fef8640000 - 0x000007fef8655000 	C:\Windows\system32\napinsp.dll
0x000007fef8620000 - 0x000007fef8639000 	C:\Windows\system32\pnrpnsp.dll
0x000007fefce30000 - 0x000007fefce8b000 	C:\Windows\system32\DNSAPI.dll
0x000007fef8610000 - 0x000007fef861b000 	C:\Windows\System32\winrnr.dll
0x000007fef8600000 - 0x000007fef8610000 	C:\Windows\system32\wshbth.dll
0x0000000073520000 - 0x0000000073546000 	C:\Program Files\Bonjour\mdnsNSP.dll
0x000007fefc970000 - 0x000007fefc977000 	C:\Windows\System32\wshtcpip.dll
0x000007fef8e50000 - 0x000007fef8e58000 	C:\Windows\system32\rasadhlp.dll
0x000007fefb390000 - 0x000007fefb3e3000 	C:\Windows\System32\fwpuclnt.dll
0x000007fefc440000 - 0x000007fefc458000 	C:\Windows\system32\DWMAPI.DLL
0x000007fefbc60000 - 0x000007fefbe54000 	C:\Windows\WinSxS\amd64_microsoft.windows.common-controls_6595b64144ccf1df_6.0.7601.17514_none_fa396087175ac9ac\COMCTL32.dll
0x000007fefb910000 - 0x000007fefb966000 	C:\Windows\system32\uxtheme.dll
0x00000000620d0000 - 0x0000000062117000 	C:\Program Files\Java\jdk1.8.0_25\jre\bin\fontmanager.dll
0x000007fefe530000 - 0x000007fefe5c9000 	C:\Windows\system32\CLBCatQ.DLL
0x0000000062080000 - 0x00000000620c1000 	C:\Program Files\Java\jdk1.8.0_25\jre\bin\t2k.dll
0x0000000180000000 - 0x0000000180038000 	C:\Program Files\NetBeans 8.0.1\platform\modules\lib\amd64\jnidispatch-410.dll
0x00000000702a0000 - 0x00000000702ad000 	C:\Program Files\Java\jdk1.8.0_25\jre\bin\management.dll
0x000007fef9a40000 - 0x000007fef9ab1000 	C:\Windows\system32\winhttp.dll
0x000007fef99c0000 - 0x000007fef9a24000 	C:\Windows\system32\webio.dll
0x000007fefd5e0000 - 0x000007fefd605000 	C:\Windows\system32\SspiCli.dll
0x000007fefcbe0000 - 0x000007fefcbea000 	C:\Windows\system32\credssp.dll
0x000007fefd830000 - 0x000007fefd866000 	C:\Windows\system32\CFGMGR32.dll
0x000007fefae90000 - 0x000007fefafba000 	C:\Windows\system32\WindowsCodecs.dll
0x000007fef4ce0000 - 0x000007fef4d15000 	C:\Windows\system32\EhStorShell.dll
0x000007fefe9e0000 - 0x000007fefebb7000 	C:\Windows\system32\SETUPAPI.dll
0x000007fefd870000 - 0x000007fefd88a000 	C:\Windows\system32\DEVOBJ.dll
0x000007fefc310000 - 0x000007fefc43c000 	C:\Windows\system32\PROPSYS.dll
0x000007fef8710000 - 0x000007fef8718000 	C:\Program Files (x86)\Internet Download Manager\IDMShellExt64.dll
0x000007fef4670000 - 0x000007fef46ee000 	C:\Windows\System32\cscui.dll
0x000007fef6530000 - 0x000007fef653c000 	C:\Windows\System32\CSCDLL.dll
0x000007fef8b80000 - 0x000007fef8b8f000 	C:\Windows\system32\CSCAPI.dll
0x000007fef45f0000 - 0x000007fef4670000 	C:\Windows\system32\ntshrui.dll
0x000007fefd2b0000 - 0x000007fefd2d3000 	C:\Windows\system32\srvcli.dll
0x000007fefbaa0000 - 0x000007fefbaab000 	C:\Windows\system32\slc.dll
0x0000000061c60000 - 0x0000000061c8a000 	C:\Program Files\Java\jdk1.8.0_25\jre\bin\dcpr.dll
0x000007fef5c50000 - 0x000007fef5cf0000 	C:\Windows\WinSxS\amd64_microsoft.windows.common-controls_6595b64144ccf1df_5.82.7601.17514_none_a4d6a923711520a9\comctl32.dll
0x000000006d4c0000 - 0x000000006d4ff000 	C:\Program Files\NetBeans 8.0.1\ide\modules\lib\extbrowser64.dll
0x000007fef25c0000 - 0x000007fef26dd000 	C:\Windows\system32\OPENGL32.DLL
0x000007fef2740000 - 0x000007fef276d000 	C:\Windows\system32\GLU32.dll
0x000007fef24c0000 - 0x000007fef25b1000 	C:\Windows\system32\DDRAW.dll
0x000007fef36c0000 - 0x000007fef36c8000 	C:\Windows\system32\DCIMAN32.dll
0x000007feefeb0000 - 0x000007fef09d0000 	C:\Windows\system32\ig7icd64.dll
0x000007fefd720000 - 0x000007fefd734000 	C:\Windows\system32\RpcRtRemote.dll
0x00000000702e0000 - 0x00000000702e7000 	C:\Program Files\Java\jdk1.8.0_25\jre\bin\jawt.dll
0x000007fef6640000 - 0x000007fef6765000 	C:\Windows\system32\dbghelp.dll

VM Arguments:
jvm_args: -Dnetbeans.importclass=org.netbeans.upgrade.AutoUpgrade -Dnetbeans.accept_license_class=org.netbeans.license.AcceptLicense -client -Xss2m -Xms32m -XX:PermSize=32m -Dapple.laf.useScreenMenuBar=true -Dapple.awt.graphics.UseQuartz=true -Dsun.java2d.noddraw=true -Dsun.java2d.dpiaware=true -Dsun.zip.disableMemoryMapping=true -Xmx794m -Djdk.home=C:\Program Files\Java\jdk1.8.0_25 -Dnetbeans.home=C:\Program Files\NetBeans 8.0.1\platform -Dnetbeans.user=C:\Users\Rajib\AppData\Roaming\NetBeans\8.0.1 -Dnetbeans.default_userdir_root=C:\Users\Rajib\AppData\Roaming\NetBeans -XX:+HeapDumpOnOutOfMemoryError -XX:HeapDumpPath=C:\Users\Rajib\AppData\Roaming\NetBeans\8.0.1\var\log\heapdump.hprof -Dsun.awt.keepWorkingSetOnMinimize=true -Dnetbeans.dirs=C:\Program Files\NetBeans 8.0.1\nb;C:\Program Files\NetBeans 8.0.1\ergonomics;C:\Program Files\NetBeans 8.0.1\ide;C:\Program Files\NetBeans 8.0.1\extide;C:\Program Files\NetBeans 8.0.1\java;C:\Program Files\NetBeans 8.0.1\apisupport;C:\Program Files\NetBeans 8.0.1\webcommon;C:\Program Files\NetBeans 8.0.1\websvccommon;C:\Program Files\NetBeans 8.0.1\enterprise;C:\Program Files\NetBeans 8.0.1\mobility;C:\Program Files\NetBeans 8.0.1\profiler;C:\Program Files\NetBeans 8.0.1\python;C:\Program Files\NetBeans 8.0.1\php;C:\Program Files\NetBeans 8.0.1\identity;C:\Program Files\NetBeans 8.0.1\harness;C:\Program Files\NetBeans 8.0.1\cnd;C:\Program Files\NetBeans 8.0.1\dlight;C:\Program Files\NetBeans 8.0.1\groovy;C:\Program Files\NetBeans 8.0.1\extra;C:\Program Files\NetBeans 8.0.1\javacard;C:\Program Files\NetBeans 8.0.1\javafx exit 
java_command: <unknown>
java_class_path (initial): C:\Program Files\NetBeans 8.0.1\platform\lib\boot.jar;C:\Program Files\NetBeans 8.0.1\platform\lib\org-openide-modules.jar;C:\Program Files\NetBeans 8.0.1\platform\lib\org-openide-util-lookup.jar;C:\Program Files\NetBeans 8.0.1\platform\lib\org-openide-util.jar;C:\Program Files\NetBeans 8.0.1\platform\lib\locale\boot_ja.jar;C:\Program Files\NetBeans 8.0.1\platform\lib\locale\boot_pt_BR.jar;C:\Program Files\NetBeans 8.0.1\platform\lib\locale\boot_ru.jar;C:\Program Files\NetBeans 8.0.1\platform\lib\locale\boot_zh_CN.jar;C:\Program Files\NetBeans 8.0.1\platform\lib\locale\org-openide-modules_ja.jar;C:\Program Files\NetBeans 8.0.1\platform\lib\locale\org-openide-modules_pt_BR.jar;C:\Program Files\NetBeans 8.0.1\platform\lib\locale\org-openide-modules_ru.jar;C:\Program Files\NetBeans 8.0.1\platform\lib\locale\org-openide-modules_zh_CN.jar;C:\Program Files\NetBeans 8.0.1\platform\lib\locale\org-openide-util-lookup_ja.jar;C:\Program Files\NetBeans 8.0.1\platform\lib\locale\org-openide-util-lookup_pt_BR.jar;C:\Program Files\NetBeans 8.0.1\platform\lib\locale\org-openide-util-lookup_ru.jar;C:\Program Files\NetBeans 8.0.1\platform\lib\locale\org-openide-util-lookup_zh_CN.jar;C:\Program Files\NetBeans 8.0.1\platform\lib\locale\org-openide-util_ja.jar;C:\Program Files\NetBeans 8.0.1\platform\lib\locale\org-openide-util_pt_BR.jar;C:\Program Files\NetBeans 8.0.1\platform\lib\locale\org-openide-util_ru.jar;C:\Program Files\NetBeans 8.0.1\platform\lib\locale\org-openide-util_zh_CN.jar;C:\Program Files\Java\jdk1.8.0_25\lib\dt.jar;C:\Program Files\Java\jdk1.8.0_25\lib\tools.jar
Launcher Type: generic

Environment Variables:
PATH=C:\ProgramData\Oracle\Java\javapath;C:\Windows\system32;C:\Windows;C:\Windows\System32\Wbem;C:\Windows\System32\WindowsPowerShell\v1.0\;C:\Program Files (x86)\Intel\OpenCL SDK\2.0\bin\x86;C:\Program Files (x86)\Intel\OpenCL SDK\2.0\bin\x64;C:\Program Files (x86)\Common Files\lenovo\easyplussdk\bin;G:\php;C:\ProgramData\ComposerSetup\bin
USERNAME=Rajib
OS=Windows_NT
PROCESSOR_IDENTIFIER=Intel64 Family 6 Model 58 Stepping 9, GenuineIntel



---------------  S Y S T E M  ---------------

OS: Windows 7 , 64 bit Build 7601 Service Pack 1

CPU:total 4 (2 cores per cpu, 2 threads per core) family 6 model 58 stepping 9, cmov, cx8, fxsr, mmx, sse, sse2, sse3, ssse3, sse4.1, sse4.2, popcnt, avx, clmul, erms, ht, tsc, tscinvbit, tscinv

Memory: 4k page, physical 4066668k(793740k free), swap 8131492k(3016596k free)

vm_info: Java HotSpot(TM) 64-Bit Server VM (25.25-b02) for windows-amd64 JRE (1.8.0_25-b18), built on Oct  7 2014 14:25:37 by "java_re" with MS VC++ 10.0 (VS2010)

time: Thu Mar 05 23:41:08 2015
elapsed time: 116554 seconds (1d 8h 22m 34s)

